<?xml version="1.0" encoding="UTF-8"?>
<testng-results skipped="0" failed="0" ignored="0" total="2" passed="2">
  <reporter-output>
  </reporter-output>
  <suite name="suite test" duration-ms="49446" started-at="2019-10-28T00:36:42Z" finished-at="2019-10-28T00:37:32Z">
    <groups>
    </groups>
    <test name="CU01" duration-ms="49446" started-at="2019-10-28T00:36:42Z" finished-at="2019-10-28T00:37:32Z">
      <class name="pe.com.hitss.testcases.T_automationExam">
        <test-method status="PASS" signature="Configuracion()[pri:0, instance:pe.com.hitss.testcases.T_automationExam@799d4f69]" name="Configuracion" is-config="true" duration-ms="4299" started-at="2019-10-28T00:36:42Z" finished-at="2019-10-28T00:36:47Z">
          <reporter-output>
          </reporter-output>
        </test-method> <!-- Configuracion -->
        <test-method status="PASS" signature="iniciarTest(java.lang.reflect.Method)[pri:0, instance:pe.com.hitss.testcases.T_automationExam@799d4f69]" name="iniciarTest" is-config="true" duration-ms="1" started-at="2019-10-28T00:36:47Z" finished-at="2019-10-28T00:36:47Z">
          <params>
            <param index="0">
              <value>
                <![CDATA[public void pe.com.hitss.testcases.T_automationExam.Ingreso()]]>
              </value>
            </param>
          </params>
          <reporter-output>
          </reporter-output>
        </test-method> <!-- iniciarTest -->
        <test-method status="PASS" signature="Ingreso()[pri:1, instance:pe.com.hitss.testcases.T_automationExam@799d4f69]" name="Ingreso" duration-ms="76" started-at="2019-10-28T00:36:47Z" finished-at="2019-10-28T00:36:47Z">
          <reporter-output>
          </reporter-output>
        </test-method> <!-- Ingreso -->
        <test-method status="PASS" signature="printResult(org.testng.ITestResult)[pri:0, instance:pe.com.hitss.testcases.T_automationExam@799d4f69]" name="printResult" is-config="true" duration-ms="1" started-at="2019-10-28T00:36:47Z" finished-at="2019-10-28T00:36:47Z">
          <params>
            <param index="0">
              <value>
                <![CDATA[[TestResult name=Ingreso status=SUCCESS method=T_automationExam.Ingreso()[pri:1, instance:pe.com.hitss.testcases.T_automationExam@799d4f69] output={null}]]]>
              </value>
            </param>
          </params>
          <reporter-output>
          </reporter-output>
        </test-method> <!-- printResult -->
        <test-method status="PASS" signature="iniciarTest(java.lang.reflect.Method)[pri:0, instance:pe.com.hitss.testcases.T_automationExam@799d4f69]" name="iniciarTest" is-config="true" duration-ms="1" started-at="2019-10-28T00:36:48Z" finished-at="2019-10-28T00:36:48Z">
          <params>
            <param index="0">
              <value>
                <![CDATA[public void pe.com.hitss.testcases.T_automationExam.aniadirCotizacionNatural(java.lang.String,java.lang.String) throws java.io.IOException,atu.testrecorder.exceptions.ATUTestRecorderException]]>
              </value>
            </param>
          </params>
          <reporter-output>
          </reporter-output>
        </test-method> <!-- iniciarTest -->
        <test-method status="PASS" signature="aniadirCotizacionNatural(java.lang.String, java.lang.String)[pri:2, instance:pe.com.hitss.testcases.T_automationExam@799d4f69]" name="aniadirCotizacionNatural" duration-ms="43446" started-at="2019-10-28T00:36:48Z" data-provider="dataCliente" finished-at="2019-10-28T00:37:31Z">
          <params>
            <param index="0">
              <value>
                <![CDATA[shoes]]>
              </value>
            </param>
            <param index="1">
              <value>
                <![CDATA[PUMA]]>
              </value>
            </param>
          </params>
          <reporter-output>
          </reporter-output>
        </test-method> <!-- aniadirCotizacionNatural -->
        <test-method status="PASS" signature="printResult(org.testng.ITestResult)[pri:0, instance:pe.com.hitss.testcases.T_automationExam@799d4f69]" name="printResult" is-config="true" duration-ms="1" started-at="2019-10-28T00:37:31Z" finished-at="2019-10-28T00:37:31Z">
          <params>
            <param index="0">
              <value>
                <![CDATA[[TestResult name=aniadirCotizacionNatural status=SUCCESS method=T_automationExam.aniadirCotizacionNatural(java.lang.String, java.lang.String)[pri:2, instance:pe.com.hitss.testcases.T_automationExam@799d4f69] output={null}]]]>
              </value>
            </param>
          </params>
          <reporter-output>
          </reporter-output>
        </test-method> <!-- printResult -->
        <test-method status="PASS" signature="End()[pri:0, instance:pe.com.hitss.testcases.T_automationExam@799d4f69]" name="End" is-config="true" duration-ms="669" started-at="2019-10-28T00:37:31Z" finished-at="2019-10-28T00:37:32Z">
          <reporter-output>
          </reporter-output>
        </test-method> <!-- End -->
      </class> <!-- pe.com.hitss.testcases.T_automationExam -->
    </test> <!-- CU01 -->
  </suite> <!-- suite test -->
</testng-results>
